
> olymplab@0.1.0 lint
> eslint


/Users/caliskan/olymplab/check_descriptions.js
  1:26  error  A `require()` style import is forbidden  @typescript-eslint/no-require-imports
  2:12  error  A `require()` style import is forbidden  @typescript-eslint/no-require-imports
  3:14  error  A `require()` style import is forbidden  @typescript-eslint/no-require-imports

/Users/caliskan/olymplab/edit.js
  1:10  error  A `require()` style import is forbidden  @typescript-eslint/no-require-imports

/Users/caliskan/olymplab/parse_algorithmica.js
   1:12  error    A `require()` style import is forbidden    @typescript-eslint/no-require-imports
   2:17  error    A `require()` style import is forbidden    @typescript-eslint/no-require-imports
   3:25  error    A `require()` style import is forbidden    @typescript-eslint/no-require-imports
  62:22  warning  'prev' is assigned a value but never used  @typescript-eslint/no-unused-vars
  63:22  warning  'next' is assigned a value but never used  @typescript-eslint/no-unused-vars

/Users/caliskan/olymplab/replace_tail.js
  1:10  error    A `require()` style import is forbidden   @typescript-eslint/no-require-imports
  3:7   warning  'old' is assigned a value but never used  @typescript-eslint/no-unused-vars

/Users/caliskan/olymplab/src/app/[locale]/dashboard/Sidebar.tsx
    8:18  warning  'AnimatePresence' is defined but never used                                                                                                                                                                                                                                                                                                                                                                                                                                                                                                                                                                                                                                                                                                                                                                                                                                                                                                                                                                                                                                                                                       @typescript-eslint/no-unused-vars
  151:37  warning  'email' is defined but never used                                                                                                                                                                                                                                                                                                                                                                                                                                                                                                                                                                                                                                                                                                                                                                                                                                                                                                                                                                                                                                                                                                 @typescript-eslint/no-unused-vars
  159:62  error    Error: Calling setState synchronously within an effect can trigger cascading renders

Effects are intended to synchronize state between React and external systems such as manually updating the DOM, state management libraries, or other platform APIs. In general, the body of an effect should do one or both of the following:
* Update external systems with the latest state from React.
* Subscribe for updates from some external system, calling setState in a callback function when external state changes.

Calling setState synchronously within an effect body causes cascading renders that can hurt performance, and is not recommended. (https://react.dev/learn/you-might-not-need-an-effect).

/Users/caliskan/olymplab/src/app/[locale]/dashboard/Sidebar.tsx:159:62
  157 |
  158 |   useEffect(() => {
> 159 |     if (localStorage.getItem('sidebarCollapsed') === 'true') setIsCollapsed(true)
      |                                                              ^^^^^^^^^^^^^^ Avoid calling setState() directly within an effect
  160 |   }, [])
  161 |
  162 |   const toggleCollapse = () => {  react-hooks/set-state-in-effect

/Users/caliskan/olymplab/src/app/[locale]/dashboard/graph-editor/GraphEditorClient.tsx
   87:51  error  Unexpected any. Specify a different type  @typescript-eslint/no-explicit-any
   88:25  error  Unexpected any. Specify a different type  @typescript-eslint/no-explicit-any
  169:49  error  Unexpected any. Specify a different type  @typescript-eslint/no-explicit-any

/Users/caliskan/olymplab/src/app/[locale]/dashboard/learning/RoadmapClient.tsx
  28:7  warning  'STAGE_CONFIG' is assigned a value but never used  @typescript-eslint/no-unused-vars

/Users/caliskan/olymplab/src/app/[locale]/dashboard/learning/[id]/ArticleMarkdown.tsx
  261:10  warning  'getSectionTitle' is defined but never used  @typescript-eslint/no-unused-vars

/Users/caliskan/olymplab/src/app/[locale]/dashboard/problems/ProblemsClient.tsx
  160:5  error  Error: Calling setState synchronously within an effect can trigger cascading renders

Effects are intended to synchronize state between React and external systems such as manually updating the DOM, state management libraries, or other platform APIs. In general, the body of an effect should do one or both of the following:
* Update external systems with the latest state from React.
* Subscribe for updates from some external system, calling setState in a callback function when external state changes.

Calling setState synchronously within an effect body causes cascading renders that can hurt performance, and is not recommended. (https://react.dev/learn/you-might-not-need-an-effect).

/Users/caliskan/olymplab/src/app/[locale]/dashboard/problems/ProblemsClient.tsx:160:5
  158 |
  159 |   useEffect(() => {
> 160 |     setHideUnsolved(!!initialSettings.hide_unsolved_tags)
      |     ^^^^^^^^^^^^^^^ Avoid calling setState() directly within an effect
  161 |   }, [initialSettings.hide_unsolved_tags])
  162 |
  163 |   const supabase = createClient()  react-hooks/set-state-in-effect

/Users/caliskan/olymplab/src/app/[locale]/dashboard/problems/[id]/IDEClient.tsx
  158:59  error    Unexpected any. Specify a different type                                                                                                                                                                                                                                                                                                                                                                                                                                                                                                                                                                                                                                                                                                                                                                                                                                                                                                                                                                                                                                                                                                                             @typescript-eslint/no-explicit-any
  329:41  error    Unexpected any. Specify a different type                                                                                                                                                                                                                                                                                                                                                                                                                                                                                                                                                                                                                                                                                                                                                                                                                                                                                                                                                                                                                                                                                                                             @typescript-eslint/no-explicit-any
  329:54  error    Unexpected any. Specify a different type                                                                                                                                                                                                                                                                                                                                                                                                                                                                                                                                                                                                                                                                                                                                                                                                                                                                                                                                                                                                                                                                                                                             @typescript-eslint/no-explicit-any
  405:5   error    Error: Calling setState synchronously within an effect can trigger cascading renders

Effects are intended to synchronize state between React and external systems such as manually updating the DOM, state management libraries, or other platform APIs. In general, the body of an effect should do one or both of the following:
* Update external systems with the latest state from React.
* Subscribe for updates from some external system, calling setState in a callback function when external state changes.

Calling setState synchronously within an effect body causes cascading renders that can hurt performance, and is not recommended. (https://react.dev/learn/you-might-not-need-an-effect).

/Users/caliskan/olymplab/src/app/[locale]/dashboard/problems/[id]/IDEClient.tsx:405:5
  403 |   // Fetch history on mount and when tab is clicked
  404 |   useEffect(() => {
> 405 |     fetchHistory()
      |     ^^^^^^^^^^^^ Avoid calling setState() directly within an effect
  406 |   }, [fetchHistory])
  407 |
  408 |   useEffect(() => {                                                                                             react-hooks/set-state-in-effect
  410:7   error    Error: Calling setState synchronously within an effect can trigger cascading renders

Effects are intended to synchronize state between React and external systems such as manually updating the DOM, state management libraries, or other platform APIs. In general, the body of an effect should do one or both of the following:
* Update external systems with the latest state from React.
* Subscribe for updates from some external system, calling setState in a callback function when external state changes.

Calling setState synchronously within an effect body causes cascading renders that can hurt performance, and is not recommended. (https://react.dev/learn/you-might-not-need-an-effect).

/Users/caliskan/olymplab/src/app/[locale]/dashboard/problems/[id]/IDEClient.tsx:410:7
  408 |   useEffect(() => {
  409 |     if (activeConsoleTab === 'history') {
> 410 |       fetchHistory()
      |       ^^^^^^^^^^^^ Avoid calling setState() directly within an effect
  411 |     }
  412 |   }, [activeConsoleTab, fetchHistory])
  413 |                                                                                               react-hooks/set-state-in-effect
  432:9   warning  'handleRevealTags' is assigned a value but never used                                                                                                                                                                                                                                                                                                                                                                                                                                                                                                                                                                                                                                                                                                                                                                                                                                                                                                                                                                                                                                                                                                                @typescript-eslint/no-unused-vars
  438:52  error    Unexpected any. Specify a different type                                                                                                                                                                                                                                                                                                                                                                                                                                                                                                                                                                                                                                                                                                                                                                                                                                                                                                                                                                                                                                                                                                                             @typescript-eslint/no-explicit-any
  450:7   error    Error: Calling setState synchronously within an effect can trigger cascading renders

Effects are intended to synchronize state between React and external systems such as manually updating the DOM, state management libraries, or other platform APIs. In general, the body of an effect should do one or both of the following:
* Update external systems with the latest state from React.
* Subscribe for updates from some external system, calling setState in a callback function when external state changes.

Calling setState synchronously within an effect body causes cascading renders that can hurt performance, and is not recommended. (https://react.dev/learn/you-might-not-need-an-effect).

/Users/caliskan/olymplab/src/app/[locale]/dashboard/problems/[id]/IDEClient.tsx:450:7
  448 |     if (typeof window !== 'undefined') {
  449 |       const platform = navigator.platform.toUpperCase()
> 450 |       setIsMac(platform.indexOf('MAC') >= 0 || platform.indexOf('IPHONE') >= 0 || platform.indexOf('IPAD') >= 0)
      |       ^^^^^^^^ Avoid calling setState() directly within an effect
  451 |     }
  452 |   }, [])
  453 |  react-hooks/set-state-in-effect
  455:5   error    Error: Calling setState synchronously within an effect can trigger cascading renders

Effects are intended to synchronize state between React and external systems such as manually updating the DOM, state management libraries, or other platform APIs. In general, the body of an effect should do one or both of the following:
* Update external systems with the latest state from React.
* Subscribe for updates from some external system, calling setState in a callback function when external state changes.

Calling setState synchronously within an effect body causes cascading renders that can hurt performance, and is not recommended. (https://react.dev/learn/you-might-not-need-an-effect).

/Users/caliskan/olymplab/src/app/[locale]/dashboard/problems/[id]/IDEClient.tsx:455:5
  453 |
  454 |   useEffect(() => {
> 455 |     setTagsRevealed(initialIsRevealed)
      |     ^^^^^^^^^^^^^^^ Avoid calling setState() directly within an effect
  456 |   }, [initialIsRevealed])
  457 |
  458 |   const shouldHideTags = !!settings.hide_unsolved_tags && !isSolved && !tagsRevealed                                                    react-hooks/set-state-in-effect
  458:9   warning  'shouldHideTags' is assigned a value but never used                                                                                                                                                                                                                                                                                                                                                                                                                                                                                                                                                                                                                                                                                                                                                                                                                                                                                                                                                                                                                                                                                                                  @typescript-eslint/no-unused-vars
  487:5   error    Error: Calling setState synchronously within an effect can trigger cascading renders

Effects are intended to synchronize state between React and external systems such as manually updating the DOM, state management libraries, or other platform APIs. In general, the body of an effect should do one or both of the following:
* Update external systems with the latest state from React.
* Subscribe for updates from some external system, calling setState in a callback function when external state changes.

Calling setState synchronously within an effect body causes cascading renders that can hurt performance, and is not recommended. (https://react.dev/learn/you-might-not-need-an-effect).

/Users/caliskan/olymplab/src/app/[locale]/dashboard/problems/[id]/IDEClient.tsx:487:5
  485 |   useEffect(() => {
  486 |     const flagged = localStorage.getItem(`flagged_${problem.id}`)
> 487 |     setIsFlagged(flagged === 'true')
      |     ^^^^^^^^^^^^ Avoid calling setState() directly within an effect
  488 |   }, [problem.id])
  489 |
  490 |   const toggleFlag = () => {                                                      react-hooks/set-state-in-effect
  515:9   warning  'rightPanelRef' is assigned a value but never used                                                                                                                                                                                                                                                                                                                                                                                                                                                                                                                                                                                                                                                                                                                                                                                                                                                                                                                                                                                                                                                                                                                   @typescript-eslint/no-unused-vars
  665:45  error    Unexpected any. Specify a different type                                                                                                                                                                                                                                                                                                                                                                                                                                                                                                                                                                                                                                                                                                                                                                                                                                                                                                                                                                                                                                                                                                                             @typescript-eslint/no-explicit-any

/Users/caliskan/olymplab/src/app/[locale]/dashboard/problems/[id]/page.tsx
  69:67  error  Unexpected any. Specify a different type  @typescript-eslint/no-explicit-any

/Users/caliskan/olymplab/src/app/[locale]/dashboard/problems/flagged/page.tsx
  6:16  warning  'ArrowRight' is defined but never used  @typescript-eslint/no-unused-vars
  8:10  warning  'Button' is defined but never used      @typescript-eslint/no-unused-vars
  9:8   warning  'Link' is defined but never used        @typescript-eslint/no-unused-vars

/Users/caliskan/olymplab/src/app/[locale]/dashboard/problems/page.tsx
  44:51  error  Unexpected any. Specify a different type  @typescript-eslint/no-explicit-any
  49:68  error  Unexpected any. Specify a different type  @typescript-eslint/no-explicit-any

/Users/caliskan/olymplab/src/app/[locale]/dashboard/profile/CodeTemplateEditor.tsx
  109:61  error  Unexpected any. Specify a different type  @typescript-eslint/no-explicit-any

/Users/caliskan/olymplab/src/app/[locale]/dashboard/profile/SettingsEditor.tsx
   5:41  warning  'Flag' is defined but never used          @typescript-eslint/no-unused-vars
  32:59  error    Unexpected any. Specify a different type  @typescript-eslint/no-explicit-any

/Users/caliskan/olymplab/src/app/[locale]/dashboard/profile/page.tsx
  21:56  error    Unexpected any. Specify a different type    @typescript-eslint/no-explicit-any
  78:9   warning  'level' is assigned a value but never used  @typescript-eslint/no-unused-vars

/Users/caliskan/olymplab/src/app/[locale]/dashboard/settings/page.tsx
  25:53  error  Unexpected any. Specify a different type  @typescript-eslint/no-explicit-any

/Users/caliskan/olymplab/src/app/[locale]/dashboard/whiteboard/WhiteboardClient.tsx
  176:23  error  Unexpected any. Specify a different type  @typescript-eslint/no-explicit-any

/Users/caliskan/olymplab/src/app/[locale]/landing-data.tsx
  1:20  warning  'Bot' is defined but never used           @typescript-eslint/no-unused-vars
  1:49  warning  'CheckCircle2' is defined but never used  @typescript-eslint/no-unused-vars

/Users/caliskan/olymplab/src/app/[locale]/layout.tsx
  26:43  error  Unexpected any. Specify a different type  @typescript-eslint/no-explicit-any

/Users/caliskan/olymplab/src/app/[locale]/onboarding/page.tsx
  37:59  error  Unexpected any. Specify a different type  @typescript-eslint/no-explicit-any

/Users/caliskan/olymplab/src/components/ContributionGraph.tsx
    5:10  warning  'cn' is defined but never used                         @typescript-eslint/no-unused-vars
   83:10  warning  'intensityClass' is defined but never used             @typescript-eslint/no-unused-vars
  158:9   warning  'handleMouseEnter' is assigned a value but never used  @typescript-eslint/no-unused-vars

/Users/caliskan/olymplab/src/components/ProblemTable.tsx
  4:10  warning  'motion' is defined but never used  @typescript-eslint/no-unused-vars

/Users/caliskan/olymplab/src/components/SubmissionStatus.tsx
  14:34  warning  'VERDICT_METADATA' is defined but never used  @typescript-eslint/no-unused-vars

/Users/caliskan/olymplab/src/components/graph-editor/GraphVisualizer.tsx
   25:3   warning  'MarkerType' is defined but never used    @typescript-eslint/no-unused-vars
  104:3   warning  'selected' is defined but never used      @typescript-eslint/no-unused-vars
  173:39  error    Unexpected any. Specify a different type  @typescript-eslint/no-explicit-any
  174:26  error    Unexpected any. Specify a different type  @typescript-eslint/no-explicit-any
  227:94  error    Unexpected any. Specify a different type  @typescript-eslint/no-explicit-any
  285:33  error    Unexpected any. Specify a different type  @typescript-eslint/no-explicit-any

/Users/caliskan/olymplab/src/components/learning/visualizers/BitwiseVisualizer.tsx
    3:20  warning  'useMemo' is defined but never used           @typescript-eslint/no-unused-vars
  147:21  warning  'bBit' is assigned a value but never used     @typescript-eslint/no-unused-vars
  148:21  warning  'changed' is assigned a value but never used  @typescript-eslint/no-unused-vars

/Users/caliskan/olymplab/src/components/learning/visualizers/ConvexHullVisualizer.tsx
   4:18  warning  'AnimatePresence' is defined but never used                                                                                                                                               @typescript-eslint/no-unused-vars
  87:9   warning  The 'step' logical expression could make the dependencies of useMemo Hook (at line 104) change on every render. To fix this, wrap the initialization of 'step' in its own useMemo() Hook  react-hooks/exhaustive-deps

/Users/caliskan/olymplab/src/components/learning/visualizers/DSUVisualizer.tsx
    5:10   warning  'Plus' is defined but never used          @typescript-eslint/no-unused-vars
    5:16   warning  'Search' is defined but never used        @typescript-eslint/no-unused-vars
  207:110  error    Unexpected any. Specify a different type  @typescript-eslint/no-explicit-any

/Users/caliskan/olymplab/src/components/learning/visualizers/EuclidVisualizer.tsx
  4:18  warning  'AnimatePresence' is defined but never used  @typescript-eslint/no-unused-vars

/Users/caliskan/olymplab/src/components/learning/visualizers/HeapVisualizer.tsx
   5:27  warning  'SkipForward' is defined but never used     @typescript-eslint/no-unused-vars
  15:9   warning  'steps' is assigned a value but never used  @typescript-eslint/no-unused-vars

/Users/caliskan/olymplab/src/components/learning/visualizers/MaxFlowVisualizer.tsx
   4:18  warning  'AnimatePresence' is defined but never used                                                                    @typescript-eslint/no-unused-vars
  83:6   warning  React Hook useMemo has a missing dependency: 'initialEdges'. Either include it or remove the dependency array  react-hooks/exhaustive-deps

/Users/caliskan/olymplab/src/components/learning/visualizers/PrefixSum2DVisualizer.tsx
  5:47  warning  'Info' is defined but never used  @typescript-eslint/no-unused-vars

/Users/caliskan/olymplab/src/components/learning/visualizers/SegmentTreeVisualizer.tsx
   4:18  warning  'AnimatePresence' is defined but never used         @typescript-eslint/no-unused-vars
   5:47  warning  'Search' is defined but never used                  @typescript-eslint/no-unused-vars
   5:55  warning  'Info' is defined but never used                    @typescript-eslint/no-unused-vars
  10:22  warning  'setQueryRange' is assigned a value but never used  @typescript-eslint/no-unused-vars
  52:21  warning  'bounds' is assigned a value but never used         @typescript-eslint/no-unused-vars

/Users/caliskan/olymplab/src/components/shared/Footer.tsx
   5:10  warning  'motion' is defined but never used        @typescript-eslint/no-unused-vars
  31:21  error    Unexpected any. Specify a different type  @typescript-eslint/no-explicit-any
  41:21  error    Unexpected any. Specify a different type  @typescript-eslint/no-explicit-any

/Users/caliskan/olymplab/src/components/shared/LanguageSwitcher.tsx
  34:9  error  Include a description after the "@ts-expect-error" directive to explain why the @ts-expect-error is necessary. The description must be 3 characters or longer  @typescript-eslint/ban-ts-comment

/Users/caliskan/olymplab/src/components/ui/Skeleton.tsx
  3:11  error  An interface declaring no members is equivalent to its supertype  @typescript-eslint/no-empty-object-type

/Users/caliskan/olymplab/src/hooks/useForceLayout.ts
  101:70  error  Unexpected any. Specify a different type  @typescript-eslint/no-explicit-any
  102:70  error  Unexpected any. Specify a different type  @typescript-eslint/no-explicit-any

/Users/caliskan/olymplab/src/hooks/useGraphSimulation.ts
  55:9  error  Error: Calling setState synchronously within an effect can trigger cascading renders

Effects are intended to synchronize state between React and external systems such as manually updating the DOM, state management libraries, or other platform APIs. In general, the body of an effect should do one or both of the following:
* Update external systems with the latest state from React.
* Subscribe for updates from some external system, calling setState in a callback function when external state changes.

Calling setState synchronously within an effect body causes cascading renders that can hurt performance, and is not recommended. (https://react.dev/learn/you-might-not-need-an-effect).

/Users/caliskan/olymplab/src/hooks/useGraphSimulation.ts:55:9
  53 |       if (timerRef.current) clearInterval(timerRef.current);
  54 |       if (currentFrameIndex >= frames.length - 1) {
> 55 |         setIsPlaying(false);
     |         ^^^^^^^^^^^^ Avoid calling setState() directly within an effect
  56 |       }
  57 |     }
  58 |  react-hooks/set-state-in-effect
  66:5  error  Error: Calling setState synchronously within an effect can trigger cascading renders

Effects are intended to synchronize state between React and external systems such as manually updating the DOM, state management libraries, or other platform APIs. In general, the body of an effect should do one or both of the following:
* Update external systems with the latest state from React.
* Subscribe for updates from some external system, calling setState in a callback function when external state changes.

Calling setState synchronously within an effect body causes cascading renders that can hurt performance, and is not recommended. (https://react.dev/learn/you-might-not-need-an-effect).

/Users/caliskan/olymplab/src/hooks/useGraphSimulation.ts:66:5
  64 |   // Reset index if frames change
  65 |   useEffect(() => {
> 66 |     setCurrentFrameIndex(0);
     |     ^^^^^^^^^^^^^^^^^^^^ Avoid calling setState() directly within an effect
  67 |     setIsPlaying(false);
  68 |   }, [frames]);
  69 |                              react-hooks/set-state-in-effect

/Users/caliskan/olymplab/src/hooks/useSubmissionRealtime.ts
  27:82  error  Unexpected any. Specify a different type  @typescript-eslint/no-explicit-any
  34:32  error  Unexpected any. Specify a different type  @typescript-eslint/no-explicit-any

/Users/caliskan/olymplab/src/i18n/request.ts
  9:54  error  Unexpected any. Specify a different type  @typescript-eslint/no-explicit-any

/Users/caliskan/olymplab/src/lib/judges/codeforces.ts
  85:18  warning  'e' is defined but never used  @typescript-eslint/no-unused-vars

✖ 93 problems (49 errors, 44 warnings)

